2011-10-14 15:41:23,589 - SimpleLog4JLogSystem initialized using logfile 'velocity.log'
2011-10-14 15:41:23,589 - ************************************************************** 
2011-10-14 15:41:23,589 - Starting Jakarta Velocity v1.4
2011-10-14 15:41:23,589 - RuntimeInstance initializing.
2011-10-14 15:41:23,589 - Default Properties File: org/apache/velocity/runtime/defaults/velocity.properties
2011-10-14 15:41:23,589 - Trying to use logger class org.apache.velocity.runtime.log.SimpleLog4JLogSystem
2011-10-14 15:41:23,589 - Using logger class org.apache.velocity.runtime.log.SimpleLog4JLogSystem
2011-10-14 15:41:23,592 - Default ResourceManager initializing. (class org.apache.velocity.runtime.resource.ResourceManagerImpl)
2011-10-14 15:41:23,595 - Resource Loader Instantiated: org.apache.velocity.runtime.resource.loader.ClasspathResourceLoader
2011-10-14 15:41:23,595 - ClasspathResourceLoader : initialization starting.
2011-10-14 15:41:23,595 - ClasspathResourceLoader : initialization complete.
2011-10-14 15:41:23,596 - ResourceCache : initialized. (class org.apache.velocity.runtime.resource.ResourceCacheImpl)
2011-10-14 15:41:23,596 - Default ResourceManager initialization complete.
2011-10-14 15:41:23,601 - Loaded System Directive: org.apache.velocity.runtime.directive.Literal
2011-10-14 15:41:23,603 - Loaded System Directive: org.apache.velocity.runtime.directive.Macro
2011-10-14 15:41:23,606 - Loaded System Directive: org.apache.velocity.runtime.directive.Parse
2011-10-14 15:41:23,608 - Loaded System Directive: org.apache.velocity.runtime.directive.Include
2011-10-14 15:41:23,609 - Loaded System Directive: org.apache.velocity.runtime.directive.Foreach
2011-10-14 15:41:23,637 - Created: 20 parsers.
2011-10-14 15:41:23,644 - Velocimacro : initialization starting.
2011-10-14 15:41:23,644 - Velocimacro : adding VMs from VM library template : VM_global_library.vm
2011-10-14 15:41:23,649 - ResourceManager : unable to find resource 'VM_global_library.vm' in any resource loader.
2011-10-14 15:41:23,649 - Velocimacro : error using  VM library template VM_global_library.vm : org.apache.velocity.exception.ResourceNotFoundException: Unable to find resource 'VM_global_library.vm'
2011-10-14 15:41:23,649 - Velocimacro :  VM library template macro registration complete.
2011-10-14 15:41:23,649 - Velocimacro : allowInline = true : VMs can be defined inline in templates
2011-10-14 15:41:23,649 - Velocimacro : allowInlineToOverride = false : VMs defined inline may NOT replace previous VM definitions
2011-10-14 15:41:23,649 - Velocimacro : allowInlineLocal = false : VMs defined inline will be  global in scope if allowed.
2011-10-14 15:41:23,650 - Velocimacro : messages on  : VM system will output logging messages
2011-10-14 15:41:23,650 - Velocimacro : autoload off  : VM system will not automatically reload global library macros
2011-10-14 15:41:23,650 - Velocimacro : initialization complete.
2011-10-14 15:41:23,650 - Velocity successfully started.
2011-11-22 10:46:30,966 - SimpleLog4JLogSystem initialized using logfile 'velocity.log'
2011-11-22 10:46:30,967 - ************************************************************** 
2011-11-22 10:46:30,967 - Starting Jakarta Velocity v1.4
2011-11-22 10:46:30,967 - RuntimeInstance initializing.
2011-11-22 10:46:30,967 - Default Properties File: org/apache/velocity/runtime/defaults/velocity.properties
2011-11-22 10:46:30,967 - Trying to use logger class org.apache.velocity.runtime.log.SimpleLog4JLogSystem
2011-11-22 10:46:30,967 - Using logger class org.apache.velocity.runtime.log.SimpleLog4JLogSystem
2011-11-22 10:46:30,975 - Default ResourceManager initializing. (class org.apache.velocity.runtime.resource.ResourceManagerImpl)
2011-11-22 10:46:30,979 - Resource Loader Instantiated: org.apache.velocity.runtime.resource.loader.ClasspathResourceLoader
2011-11-22 10:46:30,980 - ClasspathResourceLoader : initialization starting.
2011-11-22 10:46:30,980 - ClasspathResourceLoader : initialization complete.
2011-11-22 10:46:30,983 - ResourceCache : initialized. (class org.apache.velocity.runtime.resource.ResourceCacheImpl)
2011-11-22 10:46:30,983 - Default ResourceManager initialization complete.
2011-11-22 10:46:30,986 - Loaded System Directive: org.apache.velocity.runtime.directive.Literal
2011-11-22 10:46:30,989 - Loaded System Directive: org.apache.velocity.runtime.directive.Macro
2011-11-22 10:46:30,994 - Loaded System Directive: org.apache.velocity.runtime.directive.Parse
2011-11-22 10:46:30,997 - Loaded System Directive: org.apache.velocity.runtime.directive.Include
2011-11-22 10:46:30,998 - Loaded System Directive: org.apache.velocity.runtime.directive.Foreach
2011-11-22 10:46:31,038 - Created: 20 parsers.
2011-11-22 10:46:31,051 - Velocimacro : initialization starting.
2011-11-22 10:46:31,051 - Velocimacro : adding VMs from VM library template : VM_global_library.vm
2011-11-22 10:46:31,057 - ResourceManager : unable to find resource 'VM_global_library.vm' in any resource loader.
2011-11-22 10:46:31,057 - Velocimacro : error using  VM library template VM_global_library.vm : org.apache.velocity.exception.ResourceNotFoundException: Unable to find resource 'VM_global_library.vm'
2011-11-22 10:46:31,057 - Velocimacro :  VM library template macro registration complete.
2011-11-22 10:46:31,057 - Velocimacro : allowInline = true : VMs can be defined inline in templates
2011-11-22 10:46:31,057 - Velocimacro : allowInlineToOverride = false : VMs defined inline may NOT replace previous VM definitions
2011-11-22 10:46:31,057 - Velocimacro : allowInlineLocal = false : VMs defined inline will be  global in scope if allowed.
2011-11-22 10:46:31,057 - Velocimacro : messages on  : VM system will output logging messages
2011-11-22 10:46:31,057 - Velocimacro : autoload off  : VM system will not automatically reload global library macros
2011-11-22 10:46:31,057 - Velocimacro : initialization complete.
2011-11-22 10:46:31,057 - Velocity successfully started.
2011-11-22 10:48:24,373 - ResourceManager : found repast/simphony/scenario/Scenario.vt with loader org.apache.velocity.runtime.resource.loader.ClasspathResourceLoader
2011-11-22 10:48:24,488 - ResourceManager : found repast/simphony/parameter/parameters.vt with loader org.apache.velocity.runtime.resource.loader.ClasspathResourceLoader
2015-02-02 10:43:05,216 - SimpleLog4JLogSystem initialized using logfile 'velocity.log'
2015-02-02 10:43:05,217 - ************************************************************** 
2015-02-02 10:43:05,217 - Starting Jakarta Velocity v1.4
2015-02-02 10:43:05,217 - RuntimeInstance initializing.
2015-02-02 10:43:05,217 - Default Properties File: org/apache/velocity/runtime/defaults/velocity.properties
2015-02-02 10:43:05,217 - Trying to use logger class org.apache.velocity.runtime.log.SimpleLog4JLogSystem
2015-02-02 10:43:05,217 - Using logger class org.apache.velocity.runtime.log.SimpleLog4JLogSystem
2015-02-02 10:43:05,220 - Default ResourceManager initializing. (class org.apache.velocity.runtime.resource.ResourceManagerImpl)
2015-02-02 10:43:05,223 - Resource Loader Instantiated: org.apache.velocity.runtime.resource.loader.ClasspathResourceLoader
2015-02-02 10:43:05,223 - ClasspathResourceLoader : initialization starting.
2015-02-02 10:43:05,223 - ClasspathResourceLoader : initialization complete.
2015-02-02 10:43:05,225 - ResourceCache : initialized. (class org.apache.velocity.runtime.resource.ResourceCacheImpl)
2015-02-02 10:43:05,225 - Default ResourceManager initialization complete.
2015-02-02 10:43:05,227 - Loaded System Directive: org.apache.velocity.runtime.directive.Literal
2015-02-02 10:43:05,229 - Loaded System Directive: org.apache.velocity.runtime.directive.Macro
2015-02-02 10:43:05,232 - Loaded System Directive: org.apache.velocity.runtime.directive.Parse
2015-02-02 10:43:05,234 - Loaded System Directive: org.apache.velocity.runtime.directive.Include
2015-02-02 10:43:05,235 - Loaded System Directive: org.apache.velocity.runtime.directive.Foreach
2015-02-02 10:43:05,258 - Created: 20 parsers.
2015-02-02 10:43:05,267 - Velocimacro : initialization starting.
2015-02-02 10:43:05,267 - Velocimacro : adding VMs from VM library template : VM_global_library.vm
2015-02-02 10:43:05,270 - ResourceManager : unable to find resource 'VM_global_library.vm' in any resource loader.
2015-02-02 10:43:05,270 - Velocimacro : error using  VM library template VM_global_library.vm : org.apache.velocity.exception.ResourceNotFoundException: Unable to find resource 'VM_global_library.vm'
2015-02-02 10:43:05,270 - Velocimacro :  VM library template macro registration complete.
2015-02-02 10:43:05,270 - Velocimacro : allowInline = true : VMs can be defined inline in templates
2015-02-02 10:43:05,270 - Velocimacro : allowInlineToOverride = false : VMs defined inline may NOT replace previous VM definitions
2015-02-02 10:43:05,270 - Velocimacro : allowInlineLocal = false : VMs defined inline will be  global in scope if allowed.
2015-02-02 10:43:05,270 - Velocimacro : messages on  : VM system will output logging messages
2015-02-02 10:43:05,270 - Velocimacro : autoload off  : VM system will not automatically reload global library macros
2015-02-02 10:43:05,270 - Velocimacro : initialization complete.
2015-02-02 10:43:05,270 - Velocity successfully started.
2015-02-03 17:03:22,667 - SimpleLog4JLogSystem initialized using logfile 'velocity.log'
2015-02-03 17:03:22,668 - ************************************************************** 
2015-02-03 17:03:22,668 - Starting Jakarta Velocity v1.4
2015-02-03 17:03:22,668 - RuntimeInstance initializing.
2015-02-03 17:03:22,668 - Default Properties File: org/apache/velocity/runtime/defaults/velocity.properties
2015-02-03 17:03:22,668 - Trying to use logger class org.apache.velocity.runtime.log.SimpleLog4JLogSystem
2015-02-03 17:03:22,668 - Using logger class org.apache.velocity.runtime.log.SimpleLog4JLogSystem
2015-02-03 17:03:22,675 - Default ResourceManager initializing. (class org.apache.velocity.runtime.resource.ResourceManagerImpl)
2015-02-03 17:03:22,681 - Resource Loader Instantiated: org.apache.velocity.runtime.resource.loader.ClasspathResourceLoader
2015-02-03 17:03:22,681 - ClasspathResourceLoader : initialization starting.
2015-02-03 17:03:22,681 - ClasspathResourceLoader : initialization complete.
2015-02-03 17:03:22,684 - ResourceCache : initialized. (class org.apache.velocity.runtime.resource.ResourceCacheImpl)
2015-02-03 17:03:22,685 - Default ResourceManager initialization complete.
2015-02-03 17:03:22,688 - Loaded System Directive: org.apache.velocity.runtime.directive.Literal
2015-02-03 17:03:22,697 - Loaded System Directive: org.apache.velocity.runtime.directive.Macro
2015-02-03 17:03:22,703 - Loaded System Directive: org.apache.velocity.runtime.directive.Parse
2015-02-03 17:03:22,707 - Loaded System Directive: org.apache.velocity.runtime.directive.Include
2015-02-03 17:03:22,709 - Loaded System Directive: org.apache.velocity.runtime.directive.Foreach
2015-02-03 17:03:22,740 - Created: 20 parsers.
2015-02-03 17:03:22,748 - Velocimacro : initialization starting.
2015-02-03 17:03:22,748 - Velocimacro : adding VMs from VM library template : VM_global_library.vm
2015-02-03 17:03:22,752 - ResourceManager : unable to find resource 'VM_global_library.vm' in any resource loader.
2015-02-03 17:03:22,752 - Velocimacro : error using  VM library template VM_global_library.vm : org.apache.velocity.exception.ResourceNotFoundException: Unable to find resource 'VM_global_library.vm'
2015-02-03 17:03:22,752 - Velocimacro :  VM library template macro registration complete.
2015-02-03 17:03:22,752 - Velocimacro : allowInline = true : VMs can be defined inline in templates
2015-02-03 17:03:22,752 - Velocimacro : allowInlineToOverride = false : VMs defined inline may NOT replace previous VM definitions
2015-02-03 17:03:22,752 - Velocimacro : allowInlineLocal = false : VMs defined inline will be  global in scope if allowed.
2015-02-03 17:03:22,752 - Velocimacro : messages on  : VM system will output logging messages
2015-02-03 17:03:22,752 - Velocimacro : autoload off  : VM system will not automatically reload global library macros
2015-02-03 17:03:22,752 - Velocimacro : initialization complete.
2015-02-03 17:03:22,752 - Velocity successfully started.
2015-02-04 09:34:37,892 - SimpleLog4JLogSystem initialized using logfile 'velocity.log'
2015-02-04 09:34:37,893 - ************************************************************** 
2015-02-04 09:34:37,893 - Starting Jakarta Velocity v1.4
2015-02-04 09:34:37,893 - RuntimeInstance initializing.
2015-02-04 09:34:37,893 - Default Properties File: org/apache/velocity/runtime/defaults/velocity.properties
2015-02-04 09:34:37,893 - Trying to use logger class org.apache.velocity.runtime.log.SimpleLog4JLogSystem
2015-02-04 09:34:37,893 - Using logger class org.apache.velocity.runtime.log.SimpleLog4JLogSystem
2015-02-04 09:34:37,899 - Default ResourceManager initializing. (class org.apache.velocity.runtime.resource.ResourceManagerImpl)
2015-02-04 09:34:37,904 - Resource Loader Instantiated: org.apache.velocity.runtime.resource.loader.ClasspathResourceLoader
2015-02-04 09:34:37,904 - ClasspathResourceLoader : initialization starting.
2015-02-04 09:34:37,904 - ClasspathResourceLoader : initialization complete.
2015-02-04 09:34:37,907 - ResourceCache : initialized. (class org.apache.velocity.runtime.resource.ResourceCacheImpl)
2015-02-04 09:34:37,907 - Default ResourceManager initialization complete.
2015-02-04 09:34:37,911 - Loaded System Directive: org.apache.velocity.runtime.directive.Literal
2015-02-04 09:34:37,913 - Loaded System Directive: org.apache.velocity.runtime.directive.Macro
2015-02-04 09:34:37,917 - Loaded System Directive: org.apache.velocity.runtime.directive.Parse
2015-02-04 09:34:37,919 - Loaded System Directive: org.apache.velocity.runtime.directive.Include
2015-02-04 09:34:37,920 - Loaded System Directive: org.apache.velocity.runtime.directive.Foreach
2015-02-04 09:34:37,947 - Created: 20 parsers.
2015-02-04 09:34:37,955 - Velocimacro : initialization starting.
2015-02-04 09:34:37,956 - Velocimacro : adding VMs from VM library template : VM_global_library.vm
2015-02-04 09:34:37,960 - ResourceManager : unable to find resource 'VM_global_library.vm' in any resource loader.
2015-02-04 09:34:37,960 - Velocimacro : error using  VM library template VM_global_library.vm : org.apache.velocity.exception.ResourceNotFoundException: Unable to find resource 'VM_global_library.vm'
2015-02-04 09:34:37,960 - Velocimacro :  VM library template macro registration complete.
2015-02-04 09:34:37,960 - Velocimacro : allowInline = true : VMs can be defined inline in templates
2015-02-04 09:34:37,960 - Velocimacro : allowInlineToOverride = false : VMs defined inline may NOT replace previous VM definitions
2015-02-04 09:34:37,960 - Velocimacro : allowInlineLocal = false : VMs defined inline will be  global in scope if allowed.
2015-02-04 09:34:37,960 - Velocimacro : messages on  : VM system will output logging messages
2015-02-04 09:34:37,960 - Velocimacro : autoload off  : VM system will not automatically reload global library macros
2015-02-04 09:34:37,960 - Velocimacro : initialization complete.
2015-02-04 09:34:37,960 - Velocity successfully started.
2015-02-04 09:49:56,146 - SimpleLog4JLogSystem initialized using logfile 'velocity.log'
2015-02-04 09:49:56,147 - ************************************************************** 
2015-02-04 09:49:56,147 - Starting Jakarta Velocity v1.4
2015-02-04 09:49:56,147 - RuntimeInstance initializing.
2015-02-04 09:49:56,147 - Default Properties File: org/apache/velocity/runtime/defaults/velocity.properties
2015-02-04 09:49:56,147 - Trying to use logger class org.apache.velocity.runtime.log.SimpleLog4JLogSystem
2015-02-04 09:49:56,147 - Using logger class org.apache.velocity.runtime.log.SimpleLog4JLogSystem
2015-02-04 09:49:56,153 - Default ResourceManager initializing. (class org.apache.velocity.runtime.resource.ResourceManagerImpl)
2015-02-04 09:49:56,158 - Resource Loader Instantiated: org.apache.velocity.runtime.resource.loader.ClasspathResourceLoader
2015-02-04 09:49:56,158 - ClasspathResourceLoader : initialization starting.
2015-02-04 09:49:56,158 - ClasspathResourceLoader : initialization complete.
2015-02-04 09:49:56,161 - ResourceCache : initialized. (class org.apache.velocity.runtime.resource.ResourceCacheImpl)
2015-02-04 09:49:56,161 - Default ResourceManager initialization complete.
2015-02-04 09:49:56,165 - Loaded System Directive: org.apache.velocity.runtime.directive.Literal
2015-02-04 09:49:56,168 - Loaded System Directive: org.apache.velocity.runtime.directive.Macro
2015-02-04 09:49:56,173 - Loaded System Directive: org.apache.velocity.runtime.directive.Parse
2015-02-04 09:49:56,177 - Loaded System Directive: org.apache.velocity.runtime.directive.Include
2015-02-04 09:49:56,179 - Loaded System Directive: org.apache.velocity.runtime.directive.Foreach
2015-02-04 09:49:56,222 - Created: 20 parsers.
2015-02-04 09:49:56,235 - Velocimacro : initialization starting.
2015-02-04 09:49:56,235 - Velocimacro : adding VMs from VM library template : VM_global_library.vm
2015-02-04 09:49:56,240 - ResourceManager : unable to find resource 'VM_global_library.vm' in any resource loader.
2015-02-04 09:49:56,241 - Velocimacro : error using  VM library template VM_global_library.vm : org.apache.velocity.exception.ResourceNotFoundException: Unable to find resource 'VM_global_library.vm'
2015-02-04 09:49:56,241 - Velocimacro :  VM library template macro registration complete.
2015-02-04 09:49:56,241 - Velocimacro : allowInline = true : VMs can be defined inline in templates
2015-02-04 09:49:56,241 - Velocimacro : allowInlineToOverride = false : VMs defined inline may NOT replace previous VM definitions
2015-02-04 09:49:56,241 - Velocimacro : allowInlineLocal = false : VMs defined inline will be  global in scope if allowed.
2015-02-04 09:49:56,241 - Velocimacro : messages on  : VM system will output logging messages
2015-02-04 09:49:56,241 - Velocimacro : autoload off  : VM system will not automatically reload global library macros
2015-02-04 09:49:56,241 - Velocimacro : initialization complete.
2015-02-04 09:49:56,241 - Velocity successfully started.
2015-02-04 10:05:01,675 - SimpleLog4JLogSystem initialized using logfile 'velocity.log'
2015-02-04 10:05:01,675 - ************************************************************** 
2015-02-04 10:05:01,675 - Starting Jakarta Velocity v1.4
2015-02-04 10:05:01,675 - RuntimeInstance initializing.
2015-02-04 10:05:01,675 - Default Properties File: org/apache/velocity/runtime/defaults/velocity.properties
2015-02-04 10:05:01,675 - Trying to use logger class org.apache.velocity.runtime.log.SimpleLog4JLogSystem
2015-02-04 10:05:01,675 - Using logger class org.apache.velocity.runtime.log.SimpleLog4JLogSystem
2015-02-04 10:05:01,679 - Default ResourceManager initializing. (class org.apache.velocity.runtime.resource.ResourceManagerImpl)
2015-02-04 10:05:01,682 - Resource Loader Instantiated: org.apache.velocity.runtime.resource.loader.ClasspathResourceLoader
2015-02-04 10:05:01,682 - ClasspathResourceLoader : initialization starting.
2015-02-04 10:05:01,682 - ClasspathResourceLoader : initialization complete.
2015-02-04 10:05:01,684 - ResourceCache : initialized. (class org.apache.velocity.runtime.resource.ResourceCacheImpl)
2015-02-04 10:05:01,684 - Default ResourceManager initialization complete.
2015-02-04 10:05:01,686 - Loaded System Directive: org.apache.velocity.runtime.directive.Literal
2015-02-04 10:05:01,688 - Loaded System Directive: org.apache.velocity.runtime.directive.Macro
2015-02-04 10:05:01,691 - Loaded System Directive: org.apache.velocity.runtime.directive.Parse
2015-02-04 10:05:01,693 - Loaded System Directive: org.apache.velocity.runtime.directive.Include
2015-02-04 10:05:01,694 - Loaded System Directive: org.apache.velocity.runtime.directive.Foreach
2015-02-04 10:05:01,718 - Created: 20 parsers.
2015-02-04 10:05:01,726 - Velocimacro : initialization starting.
2015-02-04 10:05:01,726 - Velocimacro : adding VMs from VM library template : VM_global_library.vm
2015-02-04 10:05:01,729 - ResourceManager : unable to find resource 'VM_global_library.vm' in any resource loader.
2015-02-04 10:05:01,729 - Velocimacro : error using  VM library template VM_global_library.vm : org.apache.velocity.exception.ResourceNotFoundException: Unable to find resource 'VM_global_library.vm'
2015-02-04 10:05:01,729 - Velocimacro :  VM library template macro registration complete.
2015-02-04 10:05:01,729 - Velocimacro : allowInline = true : VMs can be defined inline in templates
2015-02-04 10:05:01,729 - Velocimacro : allowInlineToOverride = false : VMs defined inline may NOT replace previous VM definitions
2015-02-04 10:05:01,729 - Velocimacro : allowInlineLocal = false : VMs defined inline will be  global in scope if allowed.
2015-02-04 10:05:01,729 - Velocimacro : messages on  : VM system will output logging messages
2015-02-04 10:05:01,729 - Velocimacro : autoload off  : VM system will not automatically reload global library macros
2015-02-04 10:05:01,729 - Velocimacro : initialization complete.
2015-02-04 10:05:01,729 - Velocity successfully started.
2015-02-17 14:16:16,099 - SimpleLog4JLogSystem initialized using logfile 'velocity.log'
2015-02-17 14:16:16,101 - ************************************************************** 
2015-02-17 14:16:16,101 - Starting Jakarta Velocity v1.4
2015-02-17 14:16:16,101 - RuntimeInstance initializing.
2015-02-17 14:16:16,101 - Default Properties File: org/apache/velocity/runtime/defaults/velocity.properties
2015-02-17 14:16:16,101 - Trying to use logger class org.apache.velocity.runtime.log.SimpleLog4JLogSystem
2015-02-17 14:16:16,101 - Using logger class org.apache.velocity.runtime.log.SimpleLog4JLogSystem
2015-02-17 14:16:16,104 - Default ResourceManager initializing. (class org.apache.velocity.runtime.resource.ResourceManagerImpl)
2015-02-17 14:16:16,106 - Resource Loader Instantiated: org.apache.velocity.runtime.resource.loader.ClasspathResourceLoader
2015-02-17 14:16:16,106 - ClasspathResourceLoader : initialization starting.
2015-02-17 14:16:16,106 - ClasspathResourceLoader : initialization complete.
2015-02-17 14:16:16,108 - ResourceCache : initialized. (class org.apache.velocity.runtime.resource.ResourceCacheImpl)
2015-02-17 14:16:16,108 - Default ResourceManager initialization complete.
2015-02-17 14:16:16,109 - Loaded System Directive: org.apache.velocity.runtime.directive.Literal
2015-02-17 14:16:16,111 - Loaded System Directive: org.apache.velocity.runtime.directive.Macro
2015-02-17 14:16:16,113 - Loaded System Directive: org.apache.velocity.runtime.directive.Parse
2015-02-17 14:16:16,114 - Loaded System Directive: org.apache.velocity.runtime.directive.Include
2015-02-17 14:16:16,115 - Loaded System Directive: org.apache.velocity.runtime.directive.Foreach
2015-02-17 14:16:16,137 - Created: 20 parsers.
2015-02-17 14:16:16,143 - Velocimacro : initialization starting.
2015-02-17 14:16:16,143 - Velocimacro : adding VMs from VM library template : VM_global_library.vm
2015-02-17 14:16:16,147 - ResourceManager : unable to find resource 'VM_global_library.vm' in any resource loader.
2015-02-17 14:16:16,147 - Velocimacro : error using  VM library template VM_global_library.vm : org.apache.velocity.exception.ResourceNotFoundException: Unable to find resource 'VM_global_library.vm'
2015-02-17 14:16:16,147 - Velocimacro :  VM library template macro registration complete.
2015-02-17 14:16:16,147 - Velocimacro : allowInline = true : VMs can be defined inline in templates
2015-02-17 14:16:16,147 - Velocimacro : allowInlineToOverride = false : VMs defined inline may NOT replace previous VM definitions
2015-02-17 14:16:16,147 - Velocimacro : allowInlineLocal = false : VMs defined inline will be  global in scope if allowed.
2015-02-17 14:16:16,147 - Velocimacro : messages on  : VM system will output logging messages
2015-02-17 14:16:16,147 - Velocimacro : autoload off  : VM system will not automatically reload global library macros
2015-02-17 14:16:16,147 - Velocimacro : initialization complete.
2015-02-17 14:16:16,147 - Velocity successfully started.
2015-02-17 14:25:26,717 - SimpleLog4JLogSystem initialized using logfile 'velocity.log'
2015-02-17 14:25:26,717 - ************************************************************** 
2015-02-17 14:25:26,717 - Starting Jakarta Velocity v1.4
2015-02-17 14:25:26,717 - RuntimeInstance initializing.
2015-02-17 14:25:26,717 - Default Properties File: org/apache/velocity/runtime/defaults/velocity.properties
2015-02-17 14:25:26,717 - Trying to use logger class org.apache.velocity.runtime.log.SimpleLog4JLogSystem
2015-02-17 14:25:26,717 - Using logger class org.apache.velocity.runtime.log.SimpleLog4JLogSystem
2015-02-17 14:25:26,719 - Default ResourceManager initializing. (class org.apache.velocity.runtime.resource.ResourceManagerImpl)
2015-02-17 14:25:26,721 - Resource Loader Instantiated: org.apache.velocity.runtime.resource.loader.ClasspathResourceLoader
2015-02-17 14:25:26,721 - ClasspathResourceLoader : initialization starting.
2015-02-17 14:25:26,721 - ClasspathResourceLoader : initialization complete.
2015-02-17 14:25:26,723 - ResourceCache : initialized. (class org.apache.velocity.runtime.resource.ResourceCacheImpl)
2015-02-17 14:25:26,723 - Default ResourceManager initialization complete.
2015-02-17 14:25:26,724 - Loaded System Directive: org.apache.velocity.runtime.directive.Literal
2015-02-17 14:25:26,725 - Loaded System Directive: org.apache.velocity.runtime.directive.Macro
2015-02-17 14:25:26,727 - Loaded System Directive: org.apache.velocity.runtime.directive.Parse
2015-02-17 14:25:26,729 - Loaded System Directive: org.apache.velocity.runtime.directive.Include
2015-02-17 14:25:26,729 - Loaded System Directive: org.apache.velocity.runtime.directive.Foreach
2015-02-17 14:25:26,751 - Created: 20 parsers.
2015-02-17 14:25:26,759 - Velocimacro : initialization starting.
2015-02-17 14:25:26,759 - Velocimacro : adding VMs from VM library template : VM_global_library.vm
2015-02-17 14:25:26,763 - ResourceManager : unable to find resource 'VM_global_library.vm' in any resource loader.
2015-02-17 14:25:26,763 - Velocimacro : error using  VM library template VM_global_library.vm : org.apache.velocity.exception.ResourceNotFoundException: Unable to find resource 'VM_global_library.vm'
2015-02-17 14:25:26,763 - Velocimacro :  VM library template macro registration complete.
2015-02-17 14:25:26,763 - Velocimacro : allowInline = true : VMs can be defined inline in templates
2015-02-17 14:25:26,763 - Velocimacro : allowInlineToOverride = false : VMs defined inline may NOT replace previous VM definitions
2015-02-17 14:25:26,763 - Velocimacro : allowInlineLocal = false : VMs defined inline will be  global in scope if allowed.
2015-02-17 14:25:26,763 - Velocimacro : messages on  : VM system will output logging messages
2015-02-17 14:25:26,763 - Velocimacro : autoload off  : VM system will not automatically reload global library macros
2015-02-17 14:25:26,764 - Velocimacro : initialization complete.
2015-02-17 14:25:26,764 - Velocity successfully started.
2015-02-17 14:26:59,329 - SimpleLog4JLogSystem initialized using logfile 'velocity.log'
2015-02-17 14:26:59,329 - ************************************************************** 
2015-02-17 14:26:59,329 - Starting Jakarta Velocity v1.4
2015-02-17 14:26:59,329 - RuntimeInstance initializing.
2015-02-17 14:26:59,329 - Default Properties File: org/apache/velocity/runtime/defaults/velocity.properties
2015-02-17 14:26:59,329 - Trying to use logger class org.apache.velocity.runtime.log.SimpleLog4JLogSystem
2015-02-17 14:26:59,329 - Using logger class org.apache.velocity.runtime.log.SimpleLog4JLogSystem
2015-02-17 14:26:59,332 - Default ResourceManager initializing. (class org.apache.velocity.runtime.resource.ResourceManagerImpl)
2015-02-17 14:26:59,334 - Resource Loader Instantiated: org.apache.velocity.runtime.resource.loader.ClasspathResourceLoader
2015-02-17 14:26:59,334 - ClasspathResourceLoader : initialization starting.
2015-02-17 14:26:59,334 - ClasspathResourceLoader : initialization complete.
2015-02-17 14:26:59,335 - ResourceCache : initialized. (class org.apache.velocity.runtime.resource.ResourceCacheImpl)
2015-02-17 14:26:59,335 - Default ResourceManager initialization complete.
2015-02-17 14:26:59,336 - Loaded System Directive: org.apache.velocity.runtime.directive.Literal
2015-02-17 14:26:59,338 - Loaded System Directive: org.apache.velocity.runtime.directive.Macro
2015-02-17 14:26:59,340 - Loaded System Directive: org.apache.velocity.runtime.directive.Parse
2015-02-17 14:26:59,341 - Loaded System Directive: org.apache.velocity.runtime.directive.Include
2015-02-17 14:26:59,342 - Loaded System Directive: org.apache.velocity.runtime.directive.Foreach
2015-02-17 14:26:59,360 - Created: 20 parsers.
2015-02-17 14:26:59,365 - Velocimacro : initialization starting.
2015-02-17 14:26:59,365 - Velocimacro : adding VMs from VM library template : VM_global_library.vm
2015-02-17 14:26:59,368 - ResourceManager : unable to find resource 'VM_global_library.vm' in any resource loader.
2015-02-17 14:26:59,368 - Velocimacro : error using  VM library template VM_global_library.vm : org.apache.velocity.exception.ResourceNotFoundException: Unable to find resource 'VM_global_library.vm'
2015-02-17 14:26:59,368 - Velocimacro :  VM library template macro registration complete.
2015-02-17 14:26:59,368 - Velocimacro : allowInline = true : VMs can be defined inline in templates
2015-02-17 14:26:59,368 - Velocimacro : allowInlineToOverride = false : VMs defined inline may NOT replace previous VM definitions
2015-02-17 14:26:59,368 - Velocimacro : allowInlineLocal = false : VMs defined inline will be  global in scope if allowed.
2015-02-17 14:26:59,368 - Velocimacro : messages on  : VM system will output logging messages
2015-02-17 14:26:59,368 - Velocimacro : autoload off  : VM system will not automatically reload global library macros
2015-02-17 14:26:59,368 - Velocimacro : initialization complete.
2015-02-17 14:26:59,368 - Velocity successfully started.
2015-02-17 14:35:39,057 - SimpleLog4JLogSystem initialized using logfile 'velocity.log'
2015-02-17 14:35:39,057 - ************************************************************** 
2015-02-17 14:35:39,057 - Starting Jakarta Velocity v1.4
2015-02-17 14:35:39,057 - RuntimeInstance initializing.
2015-02-17 14:35:39,057 - Default Properties File: org/apache/velocity/runtime/defaults/velocity.properties
2015-02-17 14:35:39,057 - Trying to use logger class org.apache.velocity.runtime.log.SimpleLog4JLogSystem
2015-02-17 14:35:39,057 - Using logger class org.apache.velocity.runtime.log.SimpleLog4JLogSystem
2015-02-17 14:35:39,059 - Default ResourceManager initializing. (class org.apache.velocity.runtime.resource.ResourceManagerImpl)
2015-02-17 14:35:39,061 - Resource Loader Instantiated: org.apache.velocity.runtime.resource.loader.ClasspathResourceLoader
2015-02-17 14:35:39,061 - ClasspathResourceLoader : initialization starting.
2015-02-17 14:35:39,061 - ClasspathResourceLoader : initialization complete.
2015-02-17 14:35:39,062 - ResourceCache : initialized. (class org.apache.velocity.runtime.resource.ResourceCacheImpl)
2015-02-17 14:35:39,062 - Default ResourceManager initialization complete.
2015-02-17 14:35:39,063 - Loaded System Directive: org.apache.velocity.runtime.directive.Literal
2015-02-17 14:35:39,064 - Loaded System Directive: org.apache.velocity.runtime.directive.Macro
2015-02-17 14:35:39,066 - Loaded System Directive: org.apache.velocity.runtime.directive.Parse
2015-02-17 14:35:39,067 - Loaded System Directive: org.apache.velocity.runtime.directive.Include
2015-02-17 14:35:39,068 - Loaded System Directive: org.apache.velocity.runtime.directive.Foreach
2015-02-17 14:35:39,087 - Created: 20 parsers.
2015-02-17 14:35:39,092 - Velocimacro : initialization starting.
2015-02-17 14:35:39,092 - Velocimacro : adding VMs from VM library template : VM_global_library.vm
2015-02-17 14:35:39,095 - ResourceManager : unable to find resource 'VM_global_library.vm' in any resource loader.
2015-02-17 14:35:39,095 - Velocimacro : error using  VM library template VM_global_library.vm : org.apache.velocity.exception.ResourceNotFoundException: Unable to find resource 'VM_global_library.vm'
2015-02-17 14:35:39,095 - Velocimacro :  VM library template macro registration complete.
2015-02-17 14:35:39,095 - Velocimacro : allowInline = true : VMs can be defined inline in templates
2015-02-17 14:35:39,095 - Velocimacro : allowInlineToOverride = false : VMs defined inline may NOT replace previous VM definitions
2015-02-17 14:35:39,095 - Velocimacro : allowInlineLocal = false : VMs defined inline will be  global in scope if allowed.
2015-02-17 14:35:39,095 - Velocimacro : messages on  : VM system will output logging messages
2015-02-17 14:35:39,095 - Velocimacro : autoload off  : VM system will not automatically reload global library macros
2015-02-17 14:35:39,095 - Velocimacro : initialization complete.
2015-02-17 14:35:39,095 - Velocity successfully started.
2015-02-17 14:35:42,923 - SimpleLog4JLogSystem initialized using logfile 'velocity.log'
2015-02-17 14:35:42,924 - ************************************************************** 
2015-02-17 14:35:42,924 - Starting Jakarta Velocity v1.4
2015-02-17 14:35:42,924 - RuntimeInstance initializing.
2015-02-17 14:35:42,924 - Default Properties File: org/apache/velocity/runtime/defaults/velocity.properties
2015-02-17 14:35:42,924 - Trying to use logger class org.apache.velocity.runtime.log.SimpleLog4JLogSystem
2015-02-17 14:35:42,924 - Using logger class org.apache.velocity.runtime.log.SimpleLog4JLogSystem
2015-02-17 14:35:42,927 - Default ResourceManager initializing. (class org.apache.velocity.runtime.resource.ResourceManagerImpl)
2015-02-17 14:35:42,930 - Resource Loader Instantiated: org.apache.velocity.runtime.resource.loader.ClasspathResourceLoader
2015-02-17 14:35:42,930 - ClasspathResourceLoader : initialization starting.
2015-02-17 14:35:42,930 - ClasspathResourceLoader : initialization complete.
2015-02-17 14:35:42,932 - ResourceCache : initialized. (class org.apache.velocity.runtime.resource.ResourceCacheImpl)
2015-02-17 14:35:42,932 - Default ResourceManager initialization complete.
2015-02-17 14:35:42,935 - Loaded System Directive: org.apache.velocity.runtime.directive.Literal
2015-02-17 14:35:42,937 - Loaded System Directive: org.apache.velocity.runtime.directive.Macro
2015-02-17 14:35:42,941 - Loaded System Directive: org.apache.velocity.runtime.directive.Parse
2015-02-17 14:35:42,943 - Loaded System Directive: org.apache.velocity.runtime.directive.Include
2015-02-17 14:35:42,944 - Loaded System Directive: org.apache.velocity.runtime.directive.Foreach
2015-02-17 14:35:42,978 - Created: 20 parsers.
2015-02-17 14:35:42,984 - Velocimacro : initialization starting.
2015-02-17 14:35:42,985 - Velocimacro : adding VMs from VM library template : VM_global_library.vm
2015-02-17 14:35:42,989 - ResourceManager : unable to find resource 'VM_global_library.vm' in any resource loader.
2015-02-17 14:35:42,989 - Velocimacro : error using  VM library template VM_global_library.vm : org.apache.velocity.exception.ResourceNotFoundException: Unable to find resource 'VM_global_library.vm'
2015-02-17 14:35:42,989 - Velocimacro :  VM library template macro registration complete.
2015-02-17 14:35:42,989 - Velocimacro : allowInline = true : VMs can be defined inline in templates
2015-02-17 14:35:42,989 - Velocimacro : allowInlineToOverride = false : VMs defined inline may NOT replace previous VM definitions
2015-02-17 14:35:42,989 - Velocimacro : allowInlineLocal = false : VMs defined inline will be  global in scope if allowed.
2015-02-17 14:35:42,989 - Velocimacro : messages on  : VM system will output logging messages
2015-02-17 14:35:42,989 - Velocimacro : autoload off  : VM system will not automatically reload global library macros
2015-02-17 14:35:42,989 - Velocimacro : initialization complete.
2015-02-17 14:35:42,989 - Velocity successfully started.
2015-02-17 14:35:44,297 - SimpleLog4JLogSystem initialized using logfile 'velocity.log'
2015-02-17 14:35:44,298 - ************************************************************** 
2015-02-17 14:35:44,298 - Starting Jakarta Velocity v1.4
2015-02-17 14:35:44,298 - RuntimeInstance initializing.
2015-02-17 14:35:44,298 - Default Properties File: org/apache/velocity/runtime/defaults/velocity.properties
2015-02-17 14:35:44,298 - Trying to use logger class org.apache.velocity.runtime.log.SimpleLog4JLogSystem
2015-02-17 14:35:44,298 - Using logger class org.apache.velocity.runtime.log.SimpleLog4JLogSystem
2015-02-17 14:35:44,301 - Default ResourceManager initializing. (class org.apache.velocity.runtime.resource.ResourceManagerImpl)
2015-02-17 14:35:44,304 - Resource Loader Instantiated: org.apache.velocity.runtime.resource.loader.ClasspathResourceLoader
2015-02-17 14:35:44,304 - ClasspathResourceLoader : initialization starting.
2015-02-17 14:35:44,305 - ClasspathResourceLoader : initialization complete.
2015-02-17 14:35:44,306 - ResourceCache : initialized. (class org.apache.velocity.runtime.resource.ResourceCacheImpl)
2015-02-17 14:35:44,307 - Default ResourceManager initialization complete.
2015-02-17 14:35:44,310 - Loaded System Directive: org.apache.velocity.runtime.directive.Literal
2015-02-17 14:35:44,312 - Loaded System Directive: org.apache.velocity.runtime.directive.Macro
2015-02-17 14:35:44,316 - Loaded System Directive: org.apache.velocity.runtime.directive.Parse
2015-02-17 14:35:44,318 - Loaded System Directive: org.apache.velocity.runtime.directive.Include
2015-02-17 14:35:44,319 - Loaded System Directive: org.apache.velocity.runtime.directive.Foreach
2015-02-17 14:35:44,347 - Created: 20 parsers.
2015-02-17 14:35:44,353 - Velocimacro : initialization starting.
2015-02-17 14:35:44,353 - Velocimacro : adding VMs from VM library template : VM_global_library.vm
2015-02-17 14:35:44,357 - ResourceManager : unable to find resource 'VM_global_library.vm' in any resource loader.
2015-02-17 14:35:44,357 - Velocimacro : error using  VM library template VM_global_library.vm : org.apache.velocity.exception.ResourceNotFoundException: Unable to find resource 'VM_global_library.vm'
2015-02-17 14:35:44,357 - Velocimacro :  VM library template macro registration complete.
2015-02-17 14:35:44,357 - Velocimacro : allowInline = true : VMs can be defined inline in templates
2015-02-17 14:35:44,357 - Velocimacro : allowInlineToOverride = false : VMs defined inline may NOT replace previous VM definitions
2015-02-17 14:35:44,357 - Velocimacro : allowInlineLocal = false : VMs defined inline will be  global in scope if allowed.
2015-02-17 14:35:44,357 - Velocimacro : messages on  : VM system will output logging messages
2015-02-17 14:35:44,357 - Velocimacro : autoload off  : VM system will not automatically reload global library macros
2015-02-17 14:35:44,357 - Velocimacro : initialization complete.
2015-02-17 14:35:44,357 - Velocity successfully started.
2015-02-17 14:36:11,389 - ResourceManager : found repast/simphony/parameter/parameters.vt with loader org.apache.velocity.runtime.resource.loader.ClasspathResourceLoader
2015-02-17 14:36:25,632 - ResourceManager : found repast/simphony/parameter/parameters.vt with loader org.apache.velocity.runtime.resource.loader.ClasspathResourceLoader
2015-02-17 14:36:40,983 - ResourceManager : found repast/simphony/parameter/parameters.vt with loader org.apache.velocity.runtime.resource.loader.ClasspathResourceLoader
2015-02-17 14:36:45,549 - ResourceManager : found repast/simphony/scenario/Scenario.vt with loader org.apache.velocity.runtime.resource.loader.ClasspathResourceLoader
2015-02-17 14:36:57,915 - SimpleLog4JLogSystem initialized using logfile 'velocity.log'
2015-02-17 14:36:57,915 - ************************************************************** 
2015-02-17 14:36:57,915 - Starting Jakarta Velocity v1.4
2015-02-17 14:36:57,915 - RuntimeInstance initializing.
2015-02-17 14:36:57,915 - Default Properties File: org/apache/velocity/runtime/defaults/velocity.properties
2015-02-17 14:36:57,915 - Trying to use logger class org.apache.velocity.runtime.log.SimpleLog4JLogSystem
2015-02-17 14:36:57,915 - Using logger class org.apache.velocity.runtime.log.SimpleLog4JLogSystem
2015-02-17 14:36:57,919 - Default ResourceManager initializing. (class org.apache.velocity.runtime.resource.ResourceManagerImpl)
2015-02-17 14:36:57,923 - Resource Loader Instantiated: org.apache.velocity.runtime.resource.loader.ClasspathResourceLoader
2015-02-17 14:36:57,923 - ClasspathResourceLoader : initialization starting.
2015-02-17 14:36:57,923 - ClasspathResourceLoader : initialization complete.
2015-02-17 14:36:57,925 - ResourceCache : initialized. (class org.apache.velocity.runtime.resource.ResourceCacheImpl)
2015-02-17 14:36:57,925 - Default ResourceManager initialization complete.
2015-02-17 14:36:57,927 - Loaded System Directive: org.apache.velocity.runtime.directive.Literal
2015-02-17 14:36:57,929 - Loaded System Directive: org.apache.velocity.runtime.directive.Macro
2015-02-17 14:36:57,932 - Loaded System Directive: org.apache.velocity.runtime.directive.Parse
2015-02-17 14:36:57,934 - Loaded System Directive: org.apache.velocity.runtime.directive.Include
2015-02-17 14:36:57,934 - Loaded System Directive: org.apache.velocity.runtime.directive.Foreach
2015-02-17 14:36:57,961 - Created: 20 parsers.
2015-02-17 14:36:57,968 - Velocimacro : initialization starting.
2015-02-17 14:36:57,968 - Velocimacro : adding VMs from VM library template : VM_global_library.vm
2015-02-17 14:36:57,972 - ResourceManager : unable to find resource 'VM_global_library.vm' in any resource loader.
2015-02-17 14:36:57,972 - Velocimacro : error using  VM library template VM_global_library.vm : org.apache.velocity.exception.ResourceNotFoundException: Unable to find resource 'VM_global_library.vm'
2015-02-17 14:36:57,972 - Velocimacro :  VM library template macro registration complete.
2015-02-17 14:36:57,972 - Velocimacro : allowInline = true : VMs can be defined inline in templates
2015-02-17 14:36:57,972 - Velocimacro : allowInlineToOverride = false : VMs defined inline may NOT replace previous VM definitions
2015-02-17 14:36:57,972 - Velocimacro : allowInlineLocal = false : VMs defined inline will be  global in scope if allowed.
2015-02-17 14:36:57,972 - Velocimacro : messages on  : VM system will output logging messages
2015-02-17 14:36:57,972 - Velocimacro : autoload off  : VM system will not automatically reload global library macros
2015-02-17 14:36:57,972 - Velocimacro : initialization complete.
2015-02-17 14:36:57,972 - Velocity successfully started.
2015-02-17 14:36:59,698 - SimpleLog4JLogSystem initialized using logfile 'velocity.log'
2015-02-17 14:36:59,698 - ************************************************************** 
2015-02-17 14:36:59,698 - Starting Jakarta Velocity v1.4
2015-02-17 14:36:59,698 - RuntimeInstance initializing.
2015-02-17 14:36:59,698 - Default Properties File: org/apache/velocity/runtime/defaults/velocity.properties
2015-02-17 14:36:59,698 - Trying to use logger class org.apache.velocity.runtime.log.SimpleLog4JLogSystem
2015-02-17 14:36:59,698 - Using logger class org.apache.velocity.runtime.log.SimpleLog4JLogSystem
2015-02-17 14:36:59,701 - Default ResourceManager initializing. (class org.apache.velocity.runtime.resource.ResourceManagerImpl)
2015-02-17 14:36:59,704 - Resource Loader Instantiated: org.apache.velocity.runtime.resource.loader.ClasspathResourceLoader
2015-02-17 14:36:59,704 - ClasspathResourceLoader : initialization starting.
2015-02-17 14:36:59,704 - ClasspathResourceLoader : initialization complete.
2015-02-17 14:36:59,705 - ResourceCache : initialized. (class org.apache.velocity.runtime.resource.ResourceCacheImpl)
2015-02-17 14:36:59,705 - Default ResourceManager initialization complete.
2015-02-17 14:36:59,707 - Loaded System Directive: org.apache.velocity.runtime.directive.Literal
2015-02-17 14:36:59,708 - Loaded System Directive: org.apache.velocity.runtime.directive.Macro
2015-02-17 14:36:59,711 - Loaded System Directive: org.apache.velocity.runtime.directive.Parse
2015-02-17 14:36:59,712 - Loaded System Directive: org.apache.velocity.runtime.directive.Include
2015-02-17 14:36:59,713 - Loaded System Directive: org.apache.velocity.runtime.directive.Foreach
2015-02-17 14:36:59,740 - Created: 20 parsers.
2015-02-17 14:36:59,750 - Velocimacro : initialization starting.
2015-02-17 14:36:59,750 - Velocimacro : adding VMs from VM library template : VM_global_library.vm
2015-02-17 14:36:59,754 - ResourceManager : unable to find resource 'VM_global_library.vm' in any resource loader.
2015-02-17 14:36:59,754 - Velocimacro : error using  VM library template VM_global_library.vm : org.apache.velocity.exception.ResourceNotFoundException: Unable to find resource 'VM_global_library.vm'
2015-02-17 14:36:59,754 - Velocimacro :  VM library template macro registration complete.
2015-02-17 14:36:59,754 - Velocimacro : allowInline = true : VMs can be defined inline in templates
2015-02-17 14:36:59,754 - Velocimacro : allowInlineToOverride = false : VMs defined inline may NOT replace previous VM definitions
2015-02-17 14:36:59,754 - Velocimacro : allowInlineLocal = false : VMs defined inline will be  global in scope if allowed.
2015-02-17 14:36:59,754 - Velocimacro : messages on  : VM system will output logging messages
2015-02-17 14:36:59,754 - Velocimacro : autoload off  : VM system will not automatically reload global library macros
2015-02-17 14:36:59,754 - Velocimacro : initialization complete.
2015-02-17 14:36:59,754 - Velocity successfully started.
